State 24 conflicts: 1 shift/reduce
State 27 conflicts: 1 shift/reduce
State 55 conflicts: 1 shift/reduce
State 56 conflicts: 1 shift/reduce
State 57 conflicts: 1 shift/reduce
State 58 conflicts: 1 shift/reduce
State 59 conflicts: 5 shift/reduce
State 67 conflicts: 2 shift/reduce
State 68 conflicts: 2 shift/reduce
State 69 conflicts: 3 shift/reduce
State 77 conflicts: 3 shift/reduce
State 78 conflicts: 3 shift/reduce
State 102 conflicts: 1 shift/reduce
State 103 conflicts: 1 shift/reduce


Grammar

    0 $accept: prog "end of file"

    1 aexp: reference
    2     | "number"
    3     | reference "[" aexp "]"
    4     | "-" aexp
    5     | aexp "+" aexp
    6     | aexp "-" aexp
    7     | aexp "*" aexp
    8     | aexp "/" aexp
    9     | aexp "%" aexp
   10     | "(" aexp ")"

   11 reference: "identifier"

   12 bexp: comp
   13     | "!" bexp
   14     | bexp "||" bexp
   15     | bexp "&&" bexp
   16     | "(" bexp ")"

   17 comp: aexp "=" aexp
   18     | aexp "!=" aexp
   19     | aexp "<=" aexp
   20     | aexp ">=" aexp
   21     | aexp "<" aexp
   22     | aexp ">" aexp

   23 stmt: location ":=" aexp ";"
   24     | location "," location ":=" aexp "," aexp ";"
   25     | location "[" aexp "]" ":=" aexp ";"
   26     | "if" bexp "then" block "else" block "end"
   27     | "if" bexp "then" block "end"
   28     | "while" bexp inv_list "do" block "end"

   29 location: "identifier"

   30 inv_list: inv
   31         | inv_list inv

   32 inv: "inv" assertion

   33 block: stmt_list

   34 stmt_list: stmt
   35          | stmt_list stmt

   36 prog: "program" "identifier" pre_list post_list "is" block "end"

   37 pre_list: pre
   38         | pre_list pre

   39 pre: "pre" assertion

   40 post_list: post
   41          | post_list post

   42 post: "post" assertion

   43 assertion: comp
   44          | "!" assertion
   45          | assertion "||" assertion
   46          | assertion "&&" assertion
   47          | assertion "==>" assertion
   48          | "forall" identifier_list "," assertion
   49          | "exists" identifier_list "," assertion
   50          | "(" assertion ")"

   51 identifier_list: "identifier"
   52                | identifier_list "identifier"


Terminals, with rules where they appear

    "end of file" (0) 0
    error (256)
    "+" (258) 5
    "-" (259) 4 6
    "*" (260) 7
    "/" (261) 8
    "%" (262) 9
    "(" (263) 10 16 50
    ")" (264) 10 16 50
    "=" (265) 17
    "!=" (266) 18
    "<=" (267) 19
    ">=" (268) 20
    "<" (269) 21
    ">" (270) 22
    "!" (271) 13 44
    "||" (272) 14 45
    "&&" (273) 15 46
    ":=" (274) 23 24 25
    ";" (275) 23 24 25
    "," (276) 24 48 49
    "if" (277) 26 27
    "then" (278) 26 27
    "else" (279) 26
    "end" (280) 26 27 28 36
    "while" (281) 28
    "do" (282) 28
    "inv" (283) 32
    "[" (284) 3 25
    "]" (285) 3 25
    "program" (286) 36
    "pre" (287) 39
    "post" (288) 42
    "is" (289) 36
    "==>" (290) 47
    "forall" (291) 48
    "exists" (292) 49
    "identifier" <std::string> (293) 11 29 36 51 52
    "number" <int> (294) 2


Nonterminals, with rules where they appear

    $accept (40)
        on left: 0
    aexp <ast::ArithmeticExpression> (41)
        on left: 1 2 3 4 5 6 7 8 9 10
        on right: 3 4 5 6 7 8 9 10 17 18 19 20 21 22 23 24 25
    reference <ast::Reference> (42)
        on left: 11
        on right: 1 3
    bexp <ast::BooleanExpression> (43)
        on left: 12 13 14 15 16
        on right: 13 14 15 16 26 27 28
    comp <ast::Comparison> (44)
        on left: 17 18 19 20 21 22
        on right: 12 43
    stmt <ast::Statement> (45)
        on left: 23 24 25 26 27 28
        on right: 34 35
    location <ast::Location> (46)
        on left: 29
        on right: 23 24 25
    inv_list <std::vector<ast::Invariant>> (47)
        on left: 30 31
        on right: 28 31
    inv <ast::Invariant> (48)
        on left: 32
        on right: 30 31
    block <ast::Block> (49)
        on left: 33
        on right: 26 27 28 36
    stmt_list <std::vector<ast::Statement>> (50)
        on left: 34 35
        on right: 33 35
    prog <ast::Program> (51)
        on left: 36
        on right: 0
    pre_list <std::vector<ast::PreCondition>> (52)
        on left: 37 38
        on right: 36 38
    pre <ast::PreCondition> (53)
        on left: 39
        on right: 37 38
    post_list <std::vector<ast::PostCondition>> (54)
        on left: 40 41
        on right: 36 41
    post <ast::PostCondition> (55)
        on left: 42
        on right: 40 41
    assertion <ast::Assertion> (56)
        on left: 43 44 45 46 47 48 49 50
        on right: 32 39 42 44 45 46 47 48 49 50
    identifier_list <std::vector<std::string>> (57)
        on left: 51 52
        on right: 48 49 52


State 0

    0 $accept: . prog "end of file"

    "program"  shift, and go to state 1

    prog  go to state 2


State 1

   36 prog: "program" . "identifier" pre_list post_list "is" block "end"

    "identifier"  shift, and go to state 3


State 2

    0 $accept: prog . "end of file"

    "end of file"  shift, and go to state 4


State 3

   36 prog: "program" "identifier" . pre_list post_list "is" block "end"

    "pre"  shift, and go to state 5

    pre_list  go to state 6
    pre       go to state 7


State 4

    0 $accept: prog "end of file" .

    $default  accept


State 5

   39 pre: "pre" . assertion

    "-"           shift, and go to state 8
    "("           shift, and go to state 9
    "!"           shift, and go to state 10
    "forall"      shift, and go to state 11
    "exists"      shift, and go to state 12
    "identifier"  shift, and go to state 13
    "number"      shift, and go to state 14

    aexp       go to state 15
    reference  go to state 16
    comp       go to state 17
    assertion  go to state 18


State 6

   36 prog: "program" "identifier" pre_list . post_list "is" block "end"
   38 pre_list: pre_list . pre

    "pre"   shift, and go to state 5
    "post"  shift, and go to state 19

    pre        go to state 20
    post_list  go to state 21
    post       go to state 22


State 7

   37 pre_list: pre .

    $default  reduce using rule 37 (pre_list)


State 8

    4 aexp: "-" . aexp

    "-"           shift, and go to state 8
    "("           shift, and go to state 23
    "identifier"  shift, and go to state 13
    "number"      shift, and go to state 14

    aexp       go to state 24
    reference  go to state 16


State 9

   10 aexp: "(" . aexp ")"
   50 assertion: "(" . assertion ")"

    "-"           shift, and go to state 8
    "("           shift, and go to state 9
    "!"           shift, and go to state 10
    "forall"      shift, and go to state 11
    "exists"      shift, and go to state 12
    "identifier"  shift, and go to state 13
    "number"      shift, and go to state 14

    aexp       go to state 25
    reference  go to state 16
    comp       go to state 17
    assertion  go to state 26


State 10

   44 assertion: "!" . assertion

    "-"           shift, and go to state 8
    "("           shift, and go to state 9
    "!"           shift, and go to state 10
    "forall"      shift, and go to state 11
    "exists"      shift, and go to state 12
    "identifier"  shift, and go to state 13
    "number"      shift, and go to state 14

    aexp       go to state 15
    reference  go to state 16
    comp       go to state 17
    assertion  go to state 27


State 11

   48 assertion: "forall" . identifier_list "," assertion

    "identifier"  shift, and go to state 28

    identifier_list  go to state 29


State 12

   49 assertion: "exists" . identifier_list "," assertion

    "identifier"  shift, and go to state 28

    identifier_list  go to state 30


State 13

   11 reference: "identifier" .

    $default  reduce using rule 11 (reference)


State 14

    2 aexp: "number" .

    $default  reduce using rule 2 (aexp)


State 15

    5 aexp: aexp . "+" aexp
    6     | aexp . "-" aexp
    7     | aexp . "*" aexp
    8     | aexp . "/" aexp
    9     | aexp . "%" aexp
   17 comp: aexp . "=" aexp
   18     | aexp . "!=" aexp
   19     | aexp . "<=" aexp
   20     | aexp . ">=" aexp
   21     | aexp . "<" aexp
   22     | aexp . ">" aexp

    "+"   shift, and go to state 31
    "-"   shift, and go to state 32
    "*"   shift, and go to state 33
    "/"   shift, and go to state 34
    "%"   shift, and go to state 35
    "="   shift, and go to state 36
    "!="  shift, and go to state 37
    "<="  shift, and go to state 38
    ">="  shift, and go to state 39
    "<"   shift, and go to state 40
    ">"   shift, and go to state 41


State 16

    1 aexp: reference .
    3     | reference . "[" aexp "]"

    "["  shift, and go to state 42

    $default  reduce using rule 1 (aexp)


State 17

   43 assertion: comp .

    $default  reduce using rule 43 (assertion)


State 18

   39 pre: "pre" assertion .
   45 assertion: assertion . "||" assertion
   46          | assertion . "&&" assertion
   47          | assertion . "==>" assertion

    "||"   shift, and go to state 43
    "&&"   shift, and go to state 44
    "==>"  shift, and go to state 45

    $default  reduce using rule 39 (pre)


State 19

   42 post: "post" . assertion

    "-"           shift, and go to state 8
    "("           shift, and go to state 9
    "!"           shift, and go to state 10
    "forall"      shift, and go to state 11
    "exists"      shift, and go to state 12
    "identifier"  shift, and go to state 13
    "number"      shift, and go to state 14

    aexp       go to state 15
    reference  go to state 16
    comp       go to state 17
    assertion  go to state 46


State 20

   38 pre_list: pre_list pre .

    $default  reduce using rule 38 (pre_list)


State 21

   36 prog: "program" "identifier" pre_list post_list . "is" block "end"
   41 post_list: post_list . post

    "post"  shift, and go to state 19
    "is"    shift, and go to state 47

    post  go to state 48


State 22

   40 post_list: post .

    $default  reduce using rule 40 (post_list)


State 23

   10 aexp: "(" . aexp ")"

    "-"           shift, and go to state 8
    "("           shift, and go to state 23
    "identifier"  shift, and go to state 13
    "number"      shift, and go to state 14

    aexp       go to state 49
    reference  go to state 16


State 24

    4 aexp: "-" aexp .
    5     | aexp . "+" aexp
    6     | aexp . "-" aexp
    7     | aexp . "*" aexp
    8     | aexp . "/" aexp
    9     | aexp . "%" aexp

    "*"  shift, and go to state 33
    "/"  shift, and go to state 34
    "%"  shift, and go to state 35

    "%"       [reduce using rule 4 (aexp)]
    $default  reduce using rule 4 (aexp)


State 25

    5 aexp: aexp . "+" aexp
    6     | aexp . "-" aexp
    7     | aexp . "*" aexp
    8     | aexp . "/" aexp
    9     | aexp . "%" aexp
   10     | "(" aexp . ")"
   17 comp: aexp . "=" aexp
   18     | aexp . "!=" aexp
   19     | aexp . "<=" aexp
   20     | aexp . ">=" aexp
   21     | aexp . "<" aexp
   22     | aexp . ">" aexp

    "+"   shift, and go to state 31
    "-"   shift, and go to state 32
    "*"   shift, and go to state 33
    "/"   shift, and go to state 34
    "%"   shift, and go to state 35
    ")"   shift, and go to state 50
    "="   shift, and go to state 36
    "!="  shift, and go to state 37
    "<="  shift, and go to state 38
    ">="  shift, and go to state 39
    "<"   shift, and go to state 40
    ">"   shift, and go to state 41


State 26

   45 assertion: assertion . "||" assertion
   46          | assertion . "&&" assertion
   47          | assertion . "==>" assertion
   50          | "(" assertion . ")"

    ")"    shift, and go to state 51
    "||"   shift, and go to state 43
    "&&"   shift, and go to state 44
    "==>"  shift, and go to state 45


State 27

   44 assertion: "!" assertion .
   45          | assertion . "||" assertion
   46          | assertion . "&&" assertion
   47          | assertion . "==>" assertion

    "||"   shift, and go to state 43
    "&&"   shift, and go to state 44
    "==>"  shift, and go to state 45

    "==>"     [reduce using rule 44 (assertion)]
    $default  reduce using rule 44 (assertion)


State 28

   51 identifier_list: "identifier" .

    $default  reduce using rule 51 (identifier_list)


State 29

   48 assertion: "forall" identifier_list . "," assertion
   52 identifier_list: identifier_list . "identifier"

    ","           shift, and go to state 52
    "identifier"  shift, and go to state 53


State 30

   49 assertion: "exists" identifier_list . "," assertion
   52 identifier_list: identifier_list . "identifier"

    ","           shift, and go to state 54
    "identifier"  shift, and go to state 53


State 31

    5 aexp: aexp "+" . aexp

    "-"           shift, and go to state 8
    "("           shift, and go to state 23
    "identifier"  shift, and go to state 13
    "number"      shift, and go to state 14

    aexp       go to state 55
    reference  go to state 16


State 32

    6 aexp: aexp "-" . aexp

    "-"           shift, and go to state 8
    "("           shift, and go to state 23
    "identifier"  shift, and go to state 13
    "number"      shift, and go to state 14

    aexp       go to state 56
    reference  go to state 16


State 33

    7 aexp: aexp "*" . aexp

    "-"           shift, and go to state 8
    "("           shift, and go to state 23
    "identifier"  shift, and go to state 13
    "number"      shift, and go to state 14

    aexp       go to state 57
    reference  go to state 16


State 34

    8 aexp: aexp "/" . aexp

    "-"           shift, and go to state 8
    "("           shift, and go to state 23
    "identifier"  shift, and go to state 13
    "number"      shift, and go to state 14

    aexp       go to state 58
    reference  go to state 16


State 35

    9 aexp: aexp "%" . aexp

    "-"           shift, and go to state 8
    "("           shift, and go to state 23
    "identifier"  shift, and go to state 13
    "number"      shift, and go to state 14

    aexp       go to state 59
    reference  go to state 16


State 36

   17 comp: aexp "=" . aexp

    "-"           shift, and go to state 8
    "("           shift, and go to state 23
    "identifier"  shift, and go to state 13
    "number"      shift, and go to state 14

    aexp       go to state 60
    reference  go to state 16


State 37

   18 comp: aexp "!=" . aexp

    "-"           shift, and go to state 8
    "("           shift, and go to state 23
    "identifier"  shift, and go to state 13
    "number"      shift, and go to state 14

    aexp       go to state 61
    reference  go to state 16


State 38

   19 comp: aexp "<=" . aexp

    "-"           shift, and go to state 8
    "("           shift, and go to state 23
    "identifier"  shift, and go to state 13
    "number"      shift, and go to state 14

    aexp       go to state 62
    reference  go to state 16


State 39

   20 comp: aexp ">=" . aexp

    "-"           shift, and go to state 8
    "("           shift, and go to state 23
    "identifier"  shift, and go to state 13
    "number"      shift, and go to state 14

    aexp       go to state 63
    reference  go to state 16


State 40

   21 comp: aexp "<" . aexp

    "-"           shift, and go to state 8
    "("           shift, and go to state 23
    "identifier"  shift, and go to state 13
    "number"      shift, and go to state 14

    aexp       go to state 64
    reference  go to state 16


State 41

   22 comp: aexp ">" . aexp

    "-"           shift, and go to state 8
    "("           shift, and go to state 23
    "identifier"  shift, and go to state 13
    "number"      shift, and go to state 14

    aexp       go to state 65
    reference  go to state 16


State 42

    3 aexp: reference "[" . aexp "]"

    "-"           shift, and go to state 8
    "("           shift, and go to state 23
    "identifier"  shift, and go to state 13
    "number"      shift, and go to state 14

    aexp       go to state 66
    reference  go to state 16


State 43

   45 assertion: assertion "||" . assertion

    "-"           shift, and go to state 8
    "("           shift, and go to state 9
    "!"           shift, and go to state 10
    "forall"      shift, and go to state 11
    "exists"      shift, and go to state 12
    "identifier"  shift, and go to state 13
    "number"      shift, and go to state 14

    aexp       go to state 15
    reference  go to state 16
    comp       go to state 17
    assertion  go to state 67


State 44

   46 assertion: assertion "&&" . assertion

    "-"           shift, and go to state 8
    "("           shift, and go to state 9
    "!"           shift, and go to state 10
    "forall"      shift, and go to state 11
    "exists"      shift, and go to state 12
    "identifier"  shift, and go to state 13
    "number"      shift, and go to state 14

    aexp       go to state 15
    reference  go to state 16
    comp       go to state 17
    assertion  go to state 68


State 45

   47 assertion: assertion "==>" . assertion

    "-"           shift, and go to state 8
    "("           shift, and go to state 9
    "!"           shift, and go to state 10
    "forall"      shift, and go to state 11
    "exists"      shift, and go to state 12
    "identifier"  shift, and go to state 13
    "number"      shift, and go to state 14

    aexp       go to state 15
    reference  go to state 16
    comp       go to state 17
    assertion  go to state 69


State 46

   42 post: "post" assertion .
   45 assertion: assertion . "||" assertion
   46          | assertion . "&&" assertion
   47          | assertion . "==>" assertion

    "||"   shift, and go to state 43
    "&&"   shift, and go to state 44
    "==>"  shift, and go to state 45

    $default  reduce using rule 42 (post)


State 47

   36 prog: "program" "identifier" pre_list post_list "is" . block "end"

    "if"          shift, and go to state 70
    "while"       shift, and go to state 71
    "identifier"  shift, and go to state 72

    stmt       go to state 73
    location   go to state 74
    block      go to state 75
    stmt_list  go to state 76


State 48

   41 post_list: post_list post .

    $default  reduce using rule 41 (post_list)


State 49

    5 aexp: aexp . "+" aexp
    6     | aexp . "-" aexp
    7     | aexp . "*" aexp
    8     | aexp . "/" aexp
    9     | aexp . "%" aexp
   10     | "(" aexp . ")"

    "+"  shift, and go to state 31
    "-"  shift, and go to state 32
    "*"  shift, and go to state 33
    "/"  shift, and go to state 34
    "%"  shift, and go to state 35
    ")"  shift, and go to state 50


State 50

   10 aexp: "(" aexp ")" .

    $default  reduce using rule 10 (aexp)


State 51

   50 assertion: "(" assertion ")" .

    $default  reduce using rule 50 (assertion)


State 52

   48 assertion: "forall" identifier_list "," . assertion

    "-"           shift, and go to state 8
    "("           shift, and go to state 9
    "!"           shift, and go to state 10
    "forall"      shift, and go to state 11
    "exists"      shift, and go to state 12
    "identifier"  shift, and go to state 13
    "number"      shift, and go to state 14

    aexp       go to state 15
    reference  go to state 16
    comp       go to state 17
    assertion  go to state 77


State 53

   52 identifier_list: identifier_list "identifier" .

    $default  reduce using rule 52 (identifier_list)


State 54

   49 assertion: "exists" identifier_list "," . assertion

    "-"           shift, and go to state 8
    "("           shift, and go to state 9
    "!"           shift, and go to state 10
    "forall"      shift, and go to state 11
    "exists"      shift, and go to state 12
    "identifier"  shift, and go to state 13
    "number"      shift, and go to state 14

    aexp       go to state 15
    reference  go to state 16
    comp       go to state 17
    assertion  go to state 78


State 55

    5 aexp: aexp . "+" aexp
    5     | aexp "+" aexp .
    6     | aexp . "-" aexp
    7     | aexp . "*" aexp
    8     | aexp . "/" aexp
    9     | aexp . "%" aexp

    "*"  shift, and go to state 33
    "/"  shift, and go to state 34
    "%"  shift, and go to state 35

    "%"       [reduce using rule 5 (aexp)]
    $default  reduce using rule 5 (aexp)


State 56

    5 aexp: aexp . "+" aexp
    6     | aexp . "-" aexp
    6     | aexp "-" aexp .
    7     | aexp . "*" aexp
    8     | aexp . "/" aexp
    9     | aexp . "%" aexp

    "*"  shift, and go to state 33
    "/"  shift, and go to state 34
    "%"  shift, and go to state 35

    "%"       [reduce using rule 6 (aexp)]
    $default  reduce using rule 6 (aexp)


State 57

    5 aexp: aexp . "+" aexp
    6     | aexp . "-" aexp
    7     | aexp . "*" aexp
    7     | aexp "*" aexp .
    8     | aexp . "/" aexp
    9     | aexp . "%" aexp

    "%"  shift, and go to state 35

    "%"       [reduce using rule 7 (aexp)]
    $default  reduce using rule 7 (aexp)


State 58

    5 aexp: aexp . "+" aexp
    6     | aexp . "-" aexp
    7     | aexp . "*" aexp
    8     | aexp . "/" aexp
    8     | aexp "/" aexp .
    9     | aexp . "%" aexp

    "%"  shift, and go to state 35

    "%"       [reduce using rule 8 (aexp)]
    $default  reduce using rule 8 (aexp)


State 59

    5 aexp: aexp . "+" aexp
    6     | aexp . "-" aexp
    7     | aexp . "*" aexp
    8     | aexp . "/" aexp
    9     | aexp . "%" aexp
    9     | aexp "%" aexp .

    "+"  shift, and go to state 31
    "-"  shift, and go to state 32
    "*"  shift, and go to state 33
    "/"  shift, and go to state 34
    "%"  shift, and go to state 35

    "+"       [reduce using rule 9 (aexp)]
    "-"       [reduce using rule 9 (aexp)]
    "*"       [reduce using rule 9 (aexp)]
    "/"       [reduce using rule 9 (aexp)]
    "%"       [reduce using rule 9 (aexp)]
    $default  reduce using rule 9 (aexp)


State 60

    5 aexp: aexp . "+" aexp
    6     | aexp . "-" aexp
    7     | aexp . "*" aexp
    8     | aexp . "/" aexp
    9     | aexp . "%" aexp
   17 comp: aexp "=" aexp .

    "+"  shift, and go to state 31
    "-"  shift, and go to state 32
    "*"  shift, and go to state 33
    "/"  shift, and go to state 34
    "%"  shift, and go to state 35

    $default  reduce using rule 17 (comp)


State 61

    5 aexp: aexp . "+" aexp
    6     | aexp . "-" aexp
    7     | aexp . "*" aexp
    8     | aexp . "/" aexp
    9     | aexp . "%" aexp
   18 comp: aexp "!=" aexp .

    "+"  shift, and go to state 31
    "-"  shift, and go to state 32
    "*"  shift, and go to state 33
    "/"  shift, and go to state 34
    "%"  shift, and go to state 35

    $default  reduce using rule 18 (comp)


State 62

    5 aexp: aexp . "+" aexp
    6     | aexp . "-" aexp
    7     | aexp . "*" aexp
    8     | aexp . "/" aexp
    9     | aexp . "%" aexp
   19 comp: aexp "<=" aexp .

    "+"  shift, and go to state 31
    "-"  shift, and go to state 32
    "*"  shift, and go to state 33
    "/"  shift, and go to state 34
    "%"  shift, and go to state 35

    $default  reduce using rule 19 (comp)


State 63

    5 aexp: aexp . "+" aexp
    6     | aexp . "-" aexp
    7     | aexp . "*" aexp
    8     | aexp . "/" aexp
    9     | aexp . "%" aexp
   20 comp: aexp ">=" aexp .

    "+"  shift, and go to state 31
    "-"  shift, and go to state 32
    "*"  shift, and go to state 33
    "/"  shift, and go to state 34
    "%"  shift, and go to state 35

    $default  reduce using rule 20 (comp)


State 64

    5 aexp: aexp . "+" aexp
    6     | aexp . "-" aexp
    7     | aexp . "*" aexp
    8     | aexp . "/" aexp
    9     | aexp . "%" aexp
   21 comp: aexp "<" aexp .

    "+"  shift, and go to state 31
    "-"  shift, and go to state 32
    "*"  shift, and go to state 33
    "/"  shift, and go to state 34
    "%"  shift, and go to state 35

    $default  reduce using rule 21 (comp)


State 65

    5 aexp: aexp . "+" aexp
    6     | aexp . "-" aexp
    7     | aexp . "*" aexp
    8     | aexp . "/" aexp
    9     | aexp . "%" aexp
   22 comp: aexp ">" aexp .

    "+"  shift, and go to state 31
    "-"  shift, and go to state 32
    "*"  shift, and go to state 33
    "/"  shift, and go to state 34
    "%"  shift, and go to state 35

    $default  reduce using rule 22 (comp)


State 66

    3 aexp: reference "[" aexp . "]"
    5     | aexp . "+" aexp
    6     | aexp . "-" aexp
    7     | aexp . "*" aexp
    8     | aexp . "/" aexp
    9     | aexp . "%" aexp

    "+"  shift, and go to state 31
    "-"  shift, and go to state 32
    "*"  shift, and go to state 33
    "/"  shift, and go to state 34
    "%"  shift, and go to state 35
    "]"  shift, and go to state 79


State 67

   45 assertion: assertion . "||" assertion
   45          | assertion "||" assertion .
   46          | assertion . "&&" assertion
   47          | assertion . "==>" assertion

    "||"   shift, and go to state 43
    "==>"  shift, and go to state 45

    "||"      [reduce using rule 45 (assertion)]
    "==>"     [reduce using rule 45 (assertion)]
    $default  reduce using rule 45 (assertion)


State 68

   45 assertion: assertion . "||" assertion
   46          | assertion . "&&" assertion
   46          | assertion "&&" assertion .
   47          | assertion . "==>" assertion

    "||"   shift, and go to state 43
    "&&"   shift, and go to state 44
    "==>"  shift, and go to state 45

    "&&"      [reduce using rule 46 (assertion)]
    "==>"     [reduce using rule 46 (assertion)]
    $default  reduce using rule 46 (assertion)


State 69

   45 assertion: assertion . "||" assertion
   46          | assertion . "&&" assertion
   47          | assertion . "==>" assertion
   47          | assertion "==>" assertion .

    "||"   shift, and go to state 43
    "&&"   shift, and go to state 44
    "==>"  shift, and go to state 45

    "||"      [reduce using rule 47 (assertion)]
    "&&"      [reduce using rule 47 (assertion)]
    "==>"     [reduce using rule 47 (assertion)]
    $default  reduce using rule 47 (assertion)


State 70

   26 stmt: "if" . bexp "then" block "else" block "end"
   27     | "if" . bexp "then" block "end"

    "-"           shift, and go to state 8
    "("           shift, and go to state 80
    "!"           shift, and go to state 81
    "identifier"  shift, and go to state 13
    "number"      shift, and go to state 14

    aexp       go to state 15
    reference  go to state 16
    bexp       go to state 82
    comp       go to state 83


State 71

   28 stmt: "while" . bexp inv_list "do" block "end"

    "-"           shift, and go to state 8
    "("           shift, and go to state 80
    "!"           shift, and go to state 81
    "identifier"  shift, and go to state 13
    "number"      shift, and go to state 14

    aexp       go to state 15
    reference  go to state 16
    bexp       go to state 84
    comp       go to state 83


State 72

   29 location: "identifier" .

    $default  reduce using rule 29 (location)


State 73

   34 stmt_list: stmt .

    $default  reduce using rule 34 (stmt_list)


State 74

   23 stmt: location . ":=" aexp ";"
   24     | location . "," location ":=" aexp "," aexp ";"
   25     | location . "[" aexp "]" ":=" aexp ";"

    ":="  shift, and go to state 85
    ","   shift, and go to state 86
    "["   shift, and go to state 87


State 75

   36 prog: "program" "identifier" pre_list post_list "is" block . "end"

    "end"  shift, and go to state 88


State 76

   33 block: stmt_list .
   35 stmt_list: stmt_list . stmt

    "if"          shift, and go to state 70
    "while"       shift, and go to state 71
    "identifier"  shift, and go to state 72

    $default  reduce using rule 33 (block)

    stmt      go to state 89
    location  go to state 74


State 77

   45 assertion: assertion . "||" assertion
   46          | assertion . "&&" assertion
   47          | assertion . "==>" assertion
   48          | "forall" identifier_list "," assertion .

    "||"   shift, and go to state 43
    "&&"   shift, and go to state 44
    "==>"  shift, and go to state 45

    "||"      [reduce using rule 48 (assertion)]
    "&&"      [reduce using rule 48 (assertion)]
    "==>"     [reduce using rule 48 (assertion)]
    $default  reduce using rule 48 (assertion)


State 78

   45 assertion: assertion . "||" assertion
   46          | assertion . "&&" assertion
   47          | assertion . "==>" assertion
   49          | "exists" identifier_list "," assertion .

    "||"   shift, and go to state 43
    "&&"   shift, and go to state 44
    "==>"  shift, and go to state 45

    "||"      [reduce using rule 49 (assertion)]
    "&&"      [reduce using rule 49 (assertion)]
    "==>"     [reduce using rule 49 (assertion)]
    $default  reduce using rule 49 (assertion)


State 79

    3 aexp: reference "[" aexp "]" .

    $default  reduce using rule 3 (aexp)


State 80

   10 aexp: "(" . aexp ")"
   16 bexp: "(" . bexp ")"

    "-"           shift, and go to state 8
    "("           shift, and go to state 80
    "!"           shift, and go to state 81
    "identifier"  shift, and go to state 13
    "number"      shift, and go to state 14

    aexp       go to state 25
    reference  go to state 16
    bexp       go to state 90
    comp       go to state 83


State 81

   13 bexp: "!" . bexp

    "-"           shift, and go to state 8
    "("           shift, and go to state 80
    "!"           shift, and go to state 81
    "identifier"  shift, and go to state 13
    "number"      shift, and go to state 14

    aexp       go to state 15
    reference  go to state 16
    bexp       go to state 91
    comp       go to state 83


State 82

   14 bexp: bexp . "||" bexp
   15     | bexp . "&&" bexp
   26 stmt: "if" bexp . "then" block "else" block "end"
   27     | "if" bexp . "then" block "end"

    "||"    shift, and go to state 92
    "&&"    shift, and go to state 93
    "then"  shift, and go to state 94


State 83

   12 bexp: comp .

    $default  reduce using rule 12 (bexp)


State 84

   14 bexp: bexp . "||" bexp
   15     | bexp . "&&" bexp
   28 stmt: "while" bexp . inv_list "do" block "end"

    "||"   shift, and go to state 92
    "&&"   shift, and go to state 93
    "inv"  shift, and go to state 95

    inv_list  go to state 96
    inv       go to state 97


State 85

   23 stmt: location ":=" . aexp ";"

    "-"           shift, and go to state 8
    "("           shift, and go to state 23
    "identifier"  shift, and go to state 13
    "number"      shift, and go to state 14

    aexp       go to state 98
    reference  go to state 16


State 86

   24 stmt: location "," . location ":=" aexp "," aexp ";"

    "identifier"  shift, and go to state 72

    location  go to state 99


State 87

   25 stmt: location "[" . aexp "]" ":=" aexp ";"

    "-"           shift, and go to state 8
    "("           shift, and go to state 23
    "identifier"  shift, and go to state 13
    "number"      shift, and go to state 14

    aexp       go to state 100
    reference  go to state 16


State 88

   36 prog: "program" "identifier" pre_list post_list "is" block "end" .

    $default  reduce using rule 36 (prog)


State 89

   35 stmt_list: stmt_list stmt .

    $default  reduce using rule 35 (stmt_list)


State 90

   14 bexp: bexp . "||" bexp
   15     | bexp . "&&" bexp
   16     | "(" bexp . ")"

    ")"   shift, and go to state 101
    "||"  shift, and go to state 92
    "&&"  shift, and go to state 93


State 91

   13 bexp: "!" bexp .
   14     | bexp . "||" bexp
   15     | bexp . "&&" bexp

    "||"  shift, and go to state 92
    "&&"  shift, and go to state 93

    $default  reduce using rule 13 (bexp)


State 92

   14 bexp: bexp "||" . bexp

    "-"           shift, and go to state 8
    "("           shift, and go to state 80
    "!"           shift, and go to state 81
    "identifier"  shift, and go to state 13
    "number"      shift, and go to state 14

    aexp       go to state 15
    reference  go to state 16
    bexp       go to state 102
    comp       go to state 83


State 93

   15 bexp: bexp "&&" . bexp

    "-"           shift, and go to state 8
    "("           shift, and go to state 80
    "!"           shift, and go to state 81
    "identifier"  shift, and go to state 13
    "number"      shift, and go to state 14

    aexp       go to state 15
    reference  go to state 16
    bexp       go to state 103
    comp       go to state 83


State 94

   26 stmt: "if" bexp "then" . block "else" block "end"
   27     | "if" bexp "then" . block "end"

    "if"          shift, and go to state 70
    "while"       shift, and go to state 71
    "identifier"  shift, and go to state 72

    stmt       go to state 73
    location   go to state 74
    block      go to state 104
    stmt_list  go to state 76


State 95

   32 inv: "inv" . assertion

    "-"           shift, and go to state 8
    "("           shift, and go to state 9
    "!"           shift, and go to state 10
    "forall"      shift, and go to state 11
    "exists"      shift, and go to state 12
    "identifier"  shift, and go to state 13
    "number"      shift, and go to state 14

    aexp       go to state 15
    reference  go to state 16
    comp       go to state 17
    assertion  go to state 105


State 96

   28 stmt: "while" bexp inv_list . "do" block "end"
   31 inv_list: inv_list . inv

    "do"   shift, and go to state 106
    "inv"  shift, and go to state 95

    inv  go to state 107


State 97

   30 inv_list: inv .

    $default  reduce using rule 30 (inv_list)


State 98

    5 aexp: aexp . "+" aexp
    6     | aexp . "-" aexp
    7     | aexp . "*" aexp
    8     | aexp . "/" aexp
    9     | aexp . "%" aexp
   23 stmt: location ":=" aexp . ";"

    "+"  shift, and go to state 31
    "-"  shift, and go to state 32
    "*"  shift, and go to state 33
    "/"  shift, and go to state 34
    "%"  shift, and go to state 35
    ";"  shift, and go to state 108


State 99

   24 stmt: location "," location . ":=" aexp "," aexp ";"

    ":="  shift, and go to state 109


State 100

    5 aexp: aexp . "+" aexp
    6     | aexp . "-" aexp
    7     | aexp . "*" aexp
    8     | aexp . "/" aexp
    9     | aexp . "%" aexp
   25 stmt: location "[" aexp . "]" ":=" aexp ";"

    "+"  shift, and go to state 31
    "-"  shift, and go to state 32
    "*"  shift, and go to state 33
    "/"  shift, and go to state 34
    "%"  shift, and go to state 35
    "]"  shift, and go to state 110


State 101

   16 bexp: "(" bexp ")" .

    $default  reduce using rule 16 (bexp)


State 102

   14 bexp: bexp . "||" bexp
   14     | bexp "||" bexp .
   15     | bexp . "&&" bexp

    "||"  shift, and go to state 92

    "||"      [reduce using rule 14 (bexp)]
    $default  reduce using rule 14 (bexp)


State 103

   14 bexp: bexp . "||" bexp
   15     | bexp . "&&" bexp
   15     | bexp "&&" bexp .

    "||"  shift, and go to state 92
    "&&"  shift, and go to state 93

    "&&"      [reduce using rule 15 (bexp)]
    $default  reduce using rule 15 (bexp)


State 104

   26 stmt: "if" bexp "then" block . "else" block "end"
   27     | "if" bexp "then" block . "end"

    "else"  shift, and go to state 111
    "end"   shift, and go to state 112


State 105

   32 inv: "inv" assertion .
   45 assertion: assertion . "||" assertion
   46          | assertion . "&&" assertion
   47          | assertion . "==>" assertion

    "||"   shift, and go to state 43
    "&&"   shift, and go to state 44
    "==>"  shift, and go to state 45

    $default  reduce using rule 32 (inv)


State 106

   28 stmt: "while" bexp inv_list "do" . block "end"

    "if"          shift, and go to state 70
    "while"       shift, and go to state 71
    "identifier"  shift, and go to state 72

    stmt       go to state 73
    location   go to state 74
    block      go to state 113
    stmt_list  go to state 76


State 107

   31 inv_list: inv_list inv .

    $default  reduce using rule 31 (inv_list)


State 108

   23 stmt: location ":=" aexp ";" .

    $default  reduce using rule 23 (stmt)


State 109

   24 stmt: location "," location ":=" . aexp "," aexp ";"

    "-"           shift, and go to state 8
    "("           shift, and go to state 23
    "identifier"  shift, and go to state 13
    "number"      shift, and go to state 14

    aexp       go to state 114
    reference  go to state 16


State 110

   25 stmt: location "[" aexp "]" . ":=" aexp ";"

    ":="  shift, and go to state 115


State 111

   26 stmt: "if" bexp "then" block "else" . block "end"

    "if"          shift, and go to state 70
    "while"       shift, and go to state 71
    "identifier"  shift, and go to state 72

    stmt       go to state 73
    location   go to state 74
    block      go to state 116
    stmt_list  go to state 76


State 112

   27 stmt: "if" bexp "then" block "end" .

    $default  reduce using rule 27 (stmt)


State 113

   28 stmt: "while" bexp inv_list "do" block . "end"

    "end"  shift, and go to state 117


State 114

    5 aexp: aexp . "+" aexp
    6     | aexp . "-" aexp
    7     | aexp . "*" aexp
    8     | aexp . "/" aexp
    9     | aexp . "%" aexp
   24 stmt: location "," location ":=" aexp . "," aexp ";"

    "+"  shift, and go to state 31
    "-"  shift, and go to state 32
    "*"  shift, and go to state 33
    "/"  shift, and go to state 34
    "%"  shift, and go to state 35
    ","  shift, and go to state 118


State 115

   25 stmt: location "[" aexp "]" ":=" . aexp ";"

    "-"           shift, and go to state 8
    "("           shift, and go to state 23
    "identifier"  shift, and go to state 13
    "number"      shift, and go to state 14

    aexp       go to state 119
    reference  go to state 16


State 116

   26 stmt: "if" bexp "then" block "else" block . "end"

    "end"  shift, and go to state 120


State 117

   28 stmt: "while" bexp inv_list "do" block "end" .

    $default  reduce using rule 28 (stmt)


State 118

   24 stmt: location "," location ":=" aexp "," . aexp ";"

    "-"           shift, and go to state 8
    "("           shift, and go to state 23
    "identifier"  shift, and go to state 13
    "number"      shift, and go to state 14

    aexp       go to state 121
    reference  go to state 16


State 119

    5 aexp: aexp . "+" aexp
    6     | aexp . "-" aexp
    7     | aexp . "*" aexp
    8     | aexp . "/" aexp
    9     | aexp . "%" aexp
   25 stmt: location "[" aexp "]" ":=" aexp . ";"

    "+"  shift, and go to state 31
    "-"  shift, and go to state 32
    "*"  shift, and go to state 33
    "/"  shift, and go to state 34
    "%"  shift, and go to state 35
    ";"  shift, and go to state 122


State 120

   26 stmt: "if" bexp "then" block "else" block "end" .

    $default  reduce using rule 26 (stmt)


State 121

    5 aexp: aexp . "+" aexp
    6     | aexp . "-" aexp
    7     | aexp . "*" aexp
    8     | aexp . "/" aexp
    9     | aexp . "%" aexp
   24 stmt: location "," location ":=" aexp "," aexp . ";"

    "+"  shift, and go to state 31
    "-"  shift, and go to state 32
    "*"  shift, and go to state 33
    "/"  shift, and go to state 34
    "%"  shift, and go to state 35
    ";"  shift, and go to state 123


State 122

   25 stmt: location "[" aexp "]" ":=" aexp ";" .

    $default  reduce using rule 25 (stmt)


State 123

   24 stmt: location "," location ":=" aexp "," aexp ";" .

    $default  reduce using rule 24 (stmt)
