Terminals unused in grammar

    "["
    "]"


State 32 conflicts: 1 shift/reduce
State 58 conflicts: 4 shift/reduce
State 67 conflicts: 1 shift/reduce
State 68 conflicts: 1 shift/reduce
State 69 conflicts: 1 shift/reduce
State 70 conflicts: 1 shift/reduce
State 71 conflicts: 1 shift/reduce
State 72 conflicts: 1 shift/reduce
State 73 conflicts: 1 shift/reduce
State 74 conflicts: 5 shift/reduce
State 81 conflicts: 3 shift/reduce
State 82 conflicts: 3 shift/reduce


Grammar

    0 $accept: prog "end of file"

    1 prog: commands

    2 commands: command
    3         | commands command
    4         | commands "[]" commands

    5 command: "assume" assertion ";"
    6        | "assert" assertion ";"
    7        | "havoc" location ";"
    8        | "(" commands ")"

    9 assertion: comparison
   10          | "!" assertion
   11          | assertion "||" assertion
   12          | assertion "&&" assertion
   13          | assertion "==>" assertion
   14          | "forall" identifiers "," assertion
   15          | "exists" identifiers "," assertion
   16          | "true"
   17          | "false"
   18          | "(" assertion ")"

   19 comparison: expression "=" expression
   20           | expression "!=" expression
   21           | expression "<=" expression
   22           | expression ">=" expression
   23           | expression "<" expression
   24           | expression ">" expression

   25 location: "identifier"

   26 expression: location
   27           | constant
   28           | "-" expression
   29           | expression "+" expression
   30           | expression "-" expression
   31           | expression "*" expression
   32           | expression "/" expression
   33           | expression "%" expression
   34           | "read" "(" location "," expression ")"
   35           | "write" "(" location "," expression "," expression ")"
   36           | "(" expression ")"

   37 constant: "number"

   38 identifiers: "identifier"
   39            | identifiers "identifier"


Terminals, with rules where they appear

    "end of file" (0) 0
    error (256)
    "+" (258) 29
    "-" (259) 28 30
    "*" (260) 31
    "/" (261) 32
    "%" (262) 33
    "(" (263) 8 18 34 35 36
    ")" (264) 8 18 34 35 36
    "=" (265) 19
    "!=" (266) 20
    "<=" (267) 21
    ">=" (268) 22
    "<" (269) 23
    ">" (270) 24
    "!" (271) 10
    "||" (272) 11
    "&&" (273) 12
    ";" (274) 5 6 7
    "," (275) 14 15 34 35
    "[" (276)
    "]" (277)
    "==>" (278) 13
    "forall" (279) 14
    "exists" (280) 15
    "true" (281) 16
    "false" (282) 17
    "write" (283) 35
    "read" (284) 34
    "assume" (285) 5
    "assert" (286) 6
    "havoc" (287) 7
    "[]" (288) 4
    "identifier" <std::string> (289) 25 38 39
    "number" <int> (290) 37


Nonterminals, with rules where they appear

    $accept (36)
        on left: 0
    prog <gc::ast::Program*> (37)
        on left: 1
        on right: 0
    commands <std::vector<gc::ast::Command*>> (38)
        on left: 2 3 4
        on right: 1 3 4 8
    command <gc::ast::Command*> (39)
        on left: 5 6 7 8
        on right: 2 3
    assertion <gc::ast::Assertion*> (40)
        on left: 9 10 11 12 13 14 15 16 17 18
        on right: 5 6 10 11 12 13 14 15 18
    comparison <gc::ast::Comparison*> (41)
        on left: 19 20 21 22 23 24
        on right: 9
    location <gc::ast::Location*> (42)
        on left: 25
        on right: 7 26 34 35
    expression <gc::ast::Expression*> (43)
        on left: 26 27 28 29 30 31 32 33 34 35 36
        on right: 19 20 21 22 23 24 28 29 30 31 32 33 34 35 36
    constant <gc::ast::Constant*> (44)
        on left: 37
        on right: 27
    identifiers <std::vector<std::string>> (45)
        on left: 38 39
        on right: 14 15 39


State 0

    0 $accept: . prog "end of file"

    "("       shift, and go to state 1
    "assume"  shift, and go to state 2
    "assert"  shift, and go to state 3
    "havoc"   shift, and go to state 4

    prog      go to state 5
    commands  go to state 6
    command   go to state 7


State 1

    8 command: "(" . commands ")"

    "("       shift, and go to state 1
    "assume"  shift, and go to state 2
    "assert"  shift, and go to state 3
    "havoc"   shift, and go to state 4

    commands  go to state 8
    command   go to state 7


State 2

    5 command: "assume" . assertion ";"

    "-"           shift, and go to state 9
    "("           shift, and go to state 10
    "!"           shift, and go to state 11
    "forall"      shift, and go to state 12
    "exists"      shift, and go to state 13
    "true"        shift, and go to state 14
    "false"       shift, and go to state 15
    "write"       shift, and go to state 16
    "read"        shift, and go to state 17
    "identifier"  shift, and go to state 18
    "number"      shift, and go to state 19

    assertion   go to state 20
    comparison  go to state 21
    location    go to state 22
    expression  go to state 23
    constant    go to state 24


State 3

    6 command: "assert" . assertion ";"

    "-"           shift, and go to state 9
    "("           shift, and go to state 10
    "!"           shift, and go to state 11
    "forall"      shift, and go to state 12
    "exists"      shift, and go to state 13
    "true"        shift, and go to state 14
    "false"       shift, and go to state 15
    "write"       shift, and go to state 16
    "read"        shift, and go to state 17
    "identifier"  shift, and go to state 18
    "number"      shift, and go to state 19

    assertion   go to state 25
    comparison  go to state 21
    location    go to state 22
    expression  go to state 23
    constant    go to state 24


State 4

    7 command: "havoc" . location ";"

    "identifier"  shift, and go to state 18

    location  go to state 26


State 5

    0 $accept: prog . "end of file"

    "end of file"  shift, and go to state 27


State 6

    1 prog: commands .
    3 commands: commands . command
    4         | commands . "[]" commands

    "("       shift, and go to state 1
    "assume"  shift, and go to state 2
    "assert"  shift, and go to state 3
    "havoc"   shift, and go to state 4
    "[]"      shift, and go to state 28

    $default  reduce using rule 1 (prog)

    command  go to state 29


State 7

    2 commands: command .

    $default  reduce using rule 2 (commands)


State 8

    3 commands: commands . command
    4         | commands . "[]" commands
    8 command: "(" commands . ")"

    "("       shift, and go to state 1
    ")"       shift, and go to state 30
    "assume"  shift, and go to state 2
    "assert"  shift, and go to state 3
    "havoc"   shift, and go to state 4
    "[]"      shift, and go to state 28

    command  go to state 29


State 9

   28 expression: "-" . expression

    "-"           shift, and go to state 9
    "("           shift, and go to state 31
    "write"       shift, and go to state 16
    "read"        shift, and go to state 17
    "identifier"  shift, and go to state 18
    "number"      shift, and go to state 19

    location    go to state 22
    expression  go to state 32
    constant    go to state 24


State 10

   18 assertion: "(" . assertion ")"
   36 expression: "(" . expression ")"

    "-"           shift, and go to state 9
    "("           shift, and go to state 10
    "!"           shift, and go to state 11
    "forall"      shift, and go to state 12
    "exists"      shift, and go to state 13
    "true"        shift, and go to state 14
    "false"       shift, and go to state 15
    "write"       shift, and go to state 16
    "read"        shift, and go to state 17
    "identifier"  shift, and go to state 18
    "number"      shift, and go to state 19

    assertion   go to state 33
    comparison  go to state 21
    location    go to state 22
    expression  go to state 34
    constant    go to state 24


State 11

   10 assertion: "!" . assertion

    "-"           shift, and go to state 9
    "("           shift, and go to state 10
    "!"           shift, and go to state 11
    "forall"      shift, and go to state 12
    "exists"      shift, and go to state 13
    "true"        shift, and go to state 14
    "false"       shift, and go to state 15
    "write"       shift, and go to state 16
    "read"        shift, and go to state 17
    "identifier"  shift, and go to state 18
    "number"      shift, and go to state 19

    assertion   go to state 35
    comparison  go to state 21
    location    go to state 22
    expression  go to state 23
    constant    go to state 24


State 12

   14 assertion: "forall" . identifiers "," assertion

    "identifier"  shift, and go to state 36

    identifiers  go to state 37


State 13

   15 assertion: "exists" . identifiers "," assertion

    "identifier"  shift, and go to state 36

    identifiers  go to state 38


State 14

   16 assertion: "true" .

    $default  reduce using rule 16 (assertion)


State 15

   17 assertion: "false" .

    $default  reduce using rule 17 (assertion)


State 16

   35 expression: "write" . "(" location "," expression "," expression ")"

    "("  shift, and go to state 39


State 17

   34 expression: "read" . "(" location "," expression ")"

    "("  shift, and go to state 40


State 18

   25 location: "identifier" .

    $default  reduce using rule 25 (location)


State 19

   37 constant: "number" .

    $default  reduce using rule 37 (constant)


State 20

    5 command: "assume" assertion . ";"
   11 assertion: assertion . "||" assertion
   12          | assertion . "&&" assertion
   13          | assertion . "==>" assertion

    "||"   shift, and go to state 41
    "&&"   shift, and go to state 42
    ";"    shift, and go to state 43
    "==>"  shift, and go to state 44


State 21

    9 assertion: comparison .

    $default  reduce using rule 9 (assertion)


State 22

   26 expression: location .

    $default  reduce using rule 26 (expression)


State 23

   19 comparison: expression . "=" expression
   20           | expression . "!=" expression
   21           | expression . "<=" expression
   22           | expression . ">=" expression
   23           | expression . "<" expression
   24           | expression . ">" expression
   29 expression: expression . "+" expression
   30           | expression . "-" expression
   31           | expression . "*" expression
   32           | expression . "/" expression
   33           | expression . "%" expression

    "+"   shift, and go to state 45
    "-"   shift, and go to state 46
    "*"   shift, and go to state 47
    "/"   shift, and go to state 48
    "%"   shift, and go to state 49
    "="   shift, and go to state 50
    "!="  shift, and go to state 51
    "<="  shift, and go to state 52
    ">="  shift, and go to state 53
    "<"   shift, and go to state 54
    ">"   shift, and go to state 55


State 24

   27 expression: constant .

    $default  reduce using rule 27 (expression)


State 25

    6 command: "assert" assertion . ";"
   11 assertion: assertion . "||" assertion
   12          | assertion . "&&" assertion
   13          | assertion . "==>" assertion

    "||"   shift, and go to state 41
    "&&"   shift, and go to state 42
    ";"    shift, and go to state 56
    "==>"  shift, and go to state 44


State 26

    7 command: "havoc" location . ";"

    ";"  shift, and go to state 57


State 27

    0 $accept: prog "end of file" .

    $default  accept


State 28

    4 commands: commands "[]" . commands

    "("       shift, and go to state 1
    "assume"  shift, and go to state 2
    "assert"  shift, and go to state 3
    "havoc"   shift, and go to state 4

    commands  go to state 58
    command   go to state 7


State 29

    3 commands: commands command .

    $default  reduce using rule 3 (commands)


State 30

    8 command: "(" commands ")" .

    $default  reduce using rule 8 (command)


State 31

   36 expression: "(" . expression ")"

    "-"           shift, and go to state 9
    "("           shift, and go to state 31
    "write"       shift, and go to state 16
    "read"        shift, and go to state 17
    "identifier"  shift, and go to state 18
    "number"      shift, and go to state 19

    location    go to state 22
    expression  go to state 59
    constant    go to state 24


State 32

   28 expression: "-" expression .
   29           | expression . "+" expression
   30           | expression . "-" expression
   31           | expression . "*" expression
   32           | expression . "/" expression
   33           | expression . "%" expression

    "*"  shift, and go to state 47
    "/"  shift, and go to state 48
    "%"  shift, and go to state 49

    "%"       [reduce using rule 28 (expression)]
    $default  reduce using rule 28 (expression)


State 33

   11 assertion: assertion . "||" assertion
   12          | assertion . "&&" assertion
   13          | assertion . "==>" assertion
   18          | "(" assertion . ")"

    ")"    shift, and go to state 60
    "||"   shift, and go to state 41
    "&&"   shift, and go to state 42
    "==>"  shift, and go to state 44


State 34

   19 comparison: expression . "=" expression
   20           | expression . "!=" expression
   21           | expression . "<=" expression
   22           | expression . ">=" expression
   23           | expression . "<" expression
   24           | expression . ">" expression
   29 expression: expression . "+" expression
   30           | expression . "-" expression
   31           | expression . "*" expression
   32           | expression . "/" expression
   33           | expression . "%" expression
   36           | "(" expression . ")"

    "+"   shift, and go to state 45
    "-"   shift, and go to state 46
    "*"   shift, and go to state 47
    "/"   shift, and go to state 48
    "%"   shift, and go to state 49
    ")"   shift, and go to state 61
    "="   shift, and go to state 50
    "!="  shift, and go to state 51
    "<="  shift, and go to state 52
    ">="  shift, and go to state 53
    "<"   shift, and go to state 54
    ">"   shift, and go to state 55


State 35

   10 assertion: "!" assertion .
   11          | assertion . "||" assertion
   12          | assertion . "&&" assertion
   13          | assertion . "==>" assertion

    $default  reduce using rule 10 (assertion)


State 36

   38 identifiers: "identifier" .

    $default  reduce using rule 38 (identifiers)


State 37

   14 assertion: "forall" identifiers . "," assertion
   39 identifiers: identifiers . "identifier"

    ","           shift, and go to state 62
    "identifier"  shift, and go to state 63


State 38

   15 assertion: "exists" identifiers . "," assertion
   39 identifiers: identifiers . "identifier"

    ","           shift, and go to state 64
    "identifier"  shift, and go to state 63


State 39

   35 expression: "write" "(" . location "," expression "," expression ")"

    "identifier"  shift, and go to state 18

    location  go to state 65


State 40

   34 expression: "read" "(" . location "," expression ")"

    "identifier"  shift, and go to state 18

    location  go to state 66


State 41

   11 assertion: assertion "||" . assertion

    "-"           shift, and go to state 9
    "("           shift, and go to state 10
    "!"           shift, and go to state 11
    "forall"      shift, and go to state 12
    "exists"      shift, and go to state 13
    "true"        shift, and go to state 14
    "false"       shift, and go to state 15
    "write"       shift, and go to state 16
    "read"        shift, and go to state 17
    "identifier"  shift, and go to state 18
    "number"      shift, and go to state 19

    assertion   go to state 67
    comparison  go to state 21
    location    go to state 22
    expression  go to state 23
    constant    go to state 24


State 42

   12 assertion: assertion "&&" . assertion

    "-"           shift, and go to state 9
    "("           shift, and go to state 10
    "!"           shift, and go to state 11
    "forall"      shift, and go to state 12
    "exists"      shift, and go to state 13
    "true"        shift, and go to state 14
    "false"       shift, and go to state 15
    "write"       shift, and go to state 16
    "read"        shift, and go to state 17
    "identifier"  shift, and go to state 18
    "number"      shift, and go to state 19

    assertion   go to state 68
    comparison  go to state 21
    location    go to state 22
    expression  go to state 23
    constant    go to state 24


State 43

    5 command: "assume" assertion ";" .

    $default  reduce using rule 5 (command)


State 44

   13 assertion: assertion "==>" . assertion

    "-"           shift, and go to state 9
    "("           shift, and go to state 10
    "!"           shift, and go to state 11
    "forall"      shift, and go to state 12
    "exists"      shift, and go to state 13
    "true"        shift, and go to state 14
    "false"       shift, and go to state 15
    "write"       shift, and go to state 16
    "read"        shift, and go to state 17
    "identifier"  shift, and go to state 18
    "number"      shift, and go to state 19

    assertion   go to state 69
    comparison  go to state 21
    location    go to state 22
    expression  go to state 23
    constant    go to state 24


State 45

   29 expression: expression "+" . expression

    "-"           shift, and go to state 9
    "("           shift, and go to state 31
    "write"       shift, and go to state 16
    "read"        shift, and go to state 17
    "identifier"  shift, and go to state 18
    "number"      shift, and go to state 19

    location    go to state 22
    expression  go to state 70
    constant    go to state 24


State 46

   30 expression: expression "-" . expression

    "-"           shift, and go to state 9
    "("           shift, and go to state 31
    "write"       shift, and go to state 16
    "read"        shift, and go to state 17
    "identifier"  shift, and go to state 18
    "number"      shift, and go to state 19

    location    go to state 22
    expression  go to state 71
    constant    go to state 24


State 47

   31 expression: expression "*" . expression

    "-"           shift, and go to state 9
    "("           shift, and go to state 31
    "write"       shift, and go to state 16
    "read"        shift, and go to state 17
    "identifier"  shift, and go to state 18
    "number"      shift, and go to state 19

    location    go to state 22
    expression  go to state 72
    constant    go to state 24


State 48

   32 expression: expression "/" . expression

    "-"           shift, and go to state 9
    "("           shift, and go to state 31
    "write"       shift, and go to state 16
    "read"        shift, and go to state 17
    "identifier"  shift, and go to state 18
    "number"      shift, and go to state 19

    location    go to state 22
    expression  go to state 73
    constant    go to state 24


State 49

   33 expression: expression "%" . expression

    "-"           shift, and go to state 9
    "("           shift, and go to state 31
    "write"       shift, and go to state 16
    "read"        shift, and go to state 17
    "identifier"  shift, and go to state 18
    "number"      shift, and go to state 19

    location    go to state 22
    expression  go to state 74
    constant    go to state 24


State 50

   19 comparison: expression "=" . expression

    "-"           shift, and go to state 9
    "("           shift, and go to state 31
    "write"       shift, and go to state 16
    "read"        shift, and go to state 17
    "identifier"  shift, and go to state 18
    "number"      shift, and go to state 19

    location    go to state 22
    expression  go to state 75
    constant    go to state 24


State 51

   20 comparison: expression "!=" . expression

    "-"           shift, and go to state 9
    "("           shift, and go to state 31
    "write"       shift, and go to state 16
    "read"        shift, and go to state 17
    "identifier"  shift, and go to state 18
    "number"      shift, and go to state 19

    location    go to state 22
    expression  go to state 76
    constant    go to state 24


State 52

   21 comparison: expression "<=" . expression

    "-"           shift, and go to state 9
    "("           shift, and go to state 31
    "write"       shift, and go to state 16
    "read"        shift, and go to state 17
    "identifier"  shift, and go to state 18
    "number"      shift, and go to state 19

    location    go to state 22
    expression  go to state 77
    constant    go to state 24


State 53

   22 comparison: expression ">=" . expression

    "-"           shift, and go to state 9
    "("           shift, and go to state 31
    "write"       shift, and go to state 16
    "read"        shift, and go to state 17
    "identifier"  shift, and go to state 18
    "number"      shift, and go to state 19

    location    go to state 22
    expression  go to state 78
    constant    go to state 24


State 54

   23 comparison: expression "<" . expression

    "-"           shift, and go to state 9
    "("           shift, and go to state 31
    "write"       shift, and go to state 16
    "read"        shift, and go to state 17
    "identifier"  shift, and go to state 18
    "number"      shift, and go to state 19

    location    go to state 22
    expression  go to state 79
    constant    go to state 24


State 55

   24 comparison: expression ">" . expression

    "-"           shift, and go to state 9
    "("           shift, and go to state 31
    "write"       shift, and go to state 16
    "read"        shift, and go to state 17
    "identifier"  shift, and go to state 18
    "number"      shift, and go to state 19

    location    go to state 22
    expression  go to state 80
    constant    go to state 24


State 56

    6 command: "assert" assertion ";" .

    $default  reduce using rule 6 (command)


State 57

    7 command: "havoc" location ";" .

    $default  reduce using rule 7 (command)


State 58

    3 commands: commands . command
    4         | commands . "[]" commands
    4         | commands "[]" commands .

    "("       shift, and go to state 1
    "assume"  shift, and go to state 2
    "assert"  shift, and go to state 3
    "havoc"   shift, and go to state 4
    "[]"      shift, and go to state 28

    "("       [reduce using rule 4 (commands)]
    "assume"  [reduce using rule 4 (commands)]
    "assert"  [reduce using rule 4 (commands)]
    "havoc"   [reduce using rule 4 (commands)]
    $default  reduce using rule 4 (commands)

    command  go to state 29


State 59

   29 expression: expression . "+" expression
   30           | expression . "-" expression
   31           | expression . "*" expression
   32           | expression . "/" expression
   33           | expression . "%" expression
   36           | "(" expression . ")"

    "+"  shift, and go to state 45
    "-"  shift, and go to state 46
    "*"  shift, and go to state 47
    "/"  shift, and go to state 48
    "%"  shift, and go to state 49
    ")"  shift, and go to state 61


State 60

   18 assertion: "(" assertion ")" .

    $default  reduce using rule 18 (assertion)


State 61

   36 expression: "(" expression ")" .

    $default  reduce using rule 36 (expression)


State 62

   14 assertion: "forall" identifiers "," . assertion

    "-"           shift, and go to state 9
    "("           shift, and go to state 10
    "!"           shift, and go to state 11
    "forall"      shift, and go to state 12
    "exists"      shift, and go to state 13
    "true"        shift, and go to state 14
    "false"       shift, and go to state 15
    "write"       shift, and go to state 16
    "read"        shift, and go to state 17
    "identifier"  shift, and go to state 18
    "number"      shift, and go to state 19

    assertion   go to state 81
    comparison  go to state 21
    location    go to state 22
    expression  go to state 23
    constant    go to state 24


State 63

   39 identifiers: identifiers "identifier" .

    $default  reduce using rule 39 (identifiers)


State 64

   15 assertion: "exists" identifiers "," . assertion

    "-"           shift, and go to state 9
    "("           shift, and go to state 10
    "!"           shift, and go to state 11
    "forall"      shift, and go to state 12
    "exists"      shift, and go to state 13
    "true"        shift, and go to state 14
    "false"       shift, and go to state 15
    "write"       shift, and go to state 16
    "read"        shift, and go to state 17
    "identifier"  shift, and go to state 18
    "number"      shift, and go to state 19

    assertion   go to state 82
    comparison  go to state 21
    location    go to state 22
    expression  go to state 23
    constant    go to state 24


State 65

   35 expression: "write" "(" location . "," expression "," expression ")"

    ","  shift, and go to state 83


State 66

   34 expression: "read" "(" location . "," expression ")"

    ","  shift, and go to state 84


State 67

   11 assertion: assertion . "||" assertion
   11          | assertion "||" assertion .
   12          | assertion . "&&" assertion
   13          | assertion . "==>" assertion

    "||"  shift, and go to state 41
    "&&"  shift, and go to state 42

    "||"      [reduce using rule 11 (assertion)]
    $default  reduce using rule 11 (assertion)


State 68

   11 assertion: assertion . "||" assertion
   12          | assertion . "&&" assertion
   12          | assertion "&&" assertion .
   13          | assertion . "==>" assertion

    "&&"  shift, and go to state 42

    "&&"      [reduce using rule 12 (assertion)]
    $default  reduce using rule 12 (assertion)


State 69

   11 assertion: assertion . "||" assertion
   12          | assertion . "&&" assertion
   13          | assertion . "==>" assertion
   13          | assertion "==>" assertion .

    "||"   shift, and go to state 41
    "&&"   shift, and go to state 42
    "==>"  shift, and go to state 44

    "==>"     [reduce using rule 13 (assertion)]
    $default  reduce using rule 13 (assertion)


State 70

   29 expression: expression . "+" expression
   29           | expression "+" expression .
   30           | expression . "-" expression
   31           | expression . "*" expression
   32           | expression . "/" expression
   33           | expression . "%" expression

    "*"  shift, and go to state 47
    "/"  shift, and go to state 48
    "%"  shift, and go to state 49

    "%"       [reduce using rule 29 (expression)]
    $default  reduce using rule 29 (expression)


State 71

   29 expression: expression . "+" expression
   30           | expression . "-" expression
   30           | expression "-" expression .
   31           | expression . "*" expression
   32           | expression . "/" expression
   33           | expression . "%" expression

    "*"  shift, and go to state 47
    "/"  shift, and go to state 48
    "%"  shift, and go to state 49

    "%"       [reduce using rule 30 (expression)]
    $default  reduce using rule 30 (expression)


State 72

   29 expression: expression . "+" expression
   30           | expression . "-" expression
   31           | expression . "*" expression
   31           | expression "*" expression .
   32           | expression . "/" expression
   33           | expression . "%" expression

    "%"  shift, and go to state 49

    "%"       [reduce using rule 31 (expression)]
    $default  reduce using rule 31 (expression)


State 73

   29 expression: expression . "+" expression
   30           | expression . "-" expression
   31           | expression . "*" expression
   32           | expression . "/" expression
   32           | expression "/" expression .
   33           | expression . "%" expression

    "%"  shift, and go to state 49

    "%"       [reduce using rule 32 (expression)]
    $default  reduce using rule 32 (expression)


State 74

   29 expression: expression . "+" expression
   30           | expression . "-" expression
   31           | expression . "*" expression
   32           | expression . "/" expression
   33           | expression . "%" expression
   33           | expression "%" expression .

    "+"  shift, and go to state 45
    "-"  shift, and go to state 46
    "*"  shift, and go to state 47
    "/"  shift, and go to state 48
    "%"  shift, and go to state 49

    "+"       [reduce using rule 33 (expression)]
    "-"       [reduce using rule 33 (expression)]
    "*"       [reduce using rule 33 (expression)]
    "/"       [reduce using rule 33 (expression)]
    "%"       [reduce using rule 33 (expression)]
    $default  reduce using rule 33 (expression)


State 75

   19 comparison: expression "=" expression .
   29 expression: expression . "+" expression
   30           | expression . "-" expression
   31           | expression . "*" expression
   32           | expression . "/" expression
   33           | expression . "%" expression

    "+"  shift, and go to state 45
    "-"  shift, and go to state 46
    "*"  shift, and go to state 47
    "/"  shift, and go to state 48
    "%"  shift, and go to state 49

    $default  reduce using rule 19 (comparison)


State 76

   20 comparison: expression "!=" expression .
   29 expression: expression . "+" expression
   30           | expression . "-" expression
   31           | expression . "*" expression
   32           | expression . "/" expression
   33           | expression . "%" expression

    "+"  shift, and go to state 45
    "-"  shift, and go to state 46
    "*"  shift, and go to state 47
    "/"  shift, and go to state 48
    "%"  shift, and go to state 49

    $default  reduce using rule 20 (comparison)


State 77

   21 comparison: expression "<=" expression .
   29 expression: expression . "+" expression
   30           | expression . "-" expression
   31           | expression . "*" expression
   32           | expression . "/" expression
   33           | expression . "%" expression

    "+"  shift, and go to state 45
    "-"  shift, and go to state 46
    "*"  shift, and go to state 47
    "/"  shift, and go to state 48
    "%"  shift, and go to state 49

    $default  reduce using rule 21 (comparison)


State 78

   22 comparison: expression ">=" expression .
   29 expression: expression . "+" expression
   30           | expression . "-" expression
   31           | expression . "*" expression
   32           | expression . "/" expression
   33           | expression . "%" expression

    "+"  shift, and go to state 45
    "-"  shift, and go to state 46
    "*"  shift, and go to state 47
    "/"  shift, and go to state 48
    "%"  shift, and go to state 49

    $default  reduce using rule 22 (comparison)


State 79

   23 comparison: expression "<" expression .
   29 expression: expression . "+" expression
   30           | expression . "-" expression
   31           | expression . "*" expression
   32           | expression . "/" expression
   33           | expression . "%" expression

    "+"  shift, and go to state 45
    "-"  shift, and go to state 46
    "*"  shift, and go to state 47
    "/"  shift, and go to state 48
    "%"  shift, and go to state 49

    $default  reduce using rule 23 (comparison)


State 80

   24 comparison: expression ">" expression .
   29 expression: expression . "+" expression
   30           | expression . "-" expression
   31           | expression . "*" expression
   32           | expression . "/" expression
   33           | expression . "%" expression

    "+"  shift, and go to state 45
    "-"  shift, and go to state 46
    "*"  shift, and go to state 47
    "/"  shift, and go to state 48
    "%"  shift, and go to state 49

    $default  reduce using rule 24 (comparison)


State 81

   11 assertion: assertion . "||" assertion
   12          | assertion . "&&" assertion
   13          | assertion . "==>" assertion
   14          | "forall" identifiers "," assertion .

    "||"   shift, and go to state 41
    "&&"   shift, and go to state 42
    "==>"  shift, and go to state 44

    "||"      [reduce using rule 14 (assertion)]
    "&&"      [reduce using rule 14 (assertion)]
    "==>"     [reduce using rule 14 (assertion)]
    $default  reduce using rule 14 (assertion)


State 82

   11 assertion: assertion . "||" assertion
   12          | assertion . "&&" assertion
   13          | assertion . "==>" assertion
   15          | "exists" identifiers "," assertion .

    "||"   shift, and go to state 41
    "&&"   shift, and go to state 42
    "==>"  shift, and go to state 44

    "||"      [reduce using rule 15 (assertion)]
    "&&"      [reduce using rule 15 (assertion)]
    "==>"     [reduce using rule 15 (assertion)]
    $default  reduce using rule 15 (assertion)


State 83

   35 expression: "write" "(" location "," . expression "," expression ")"

    "-"           shift, and go to state 9
    "("           shift, and go to state 31
    "write"       shift, and go to state 16
    "read"        shift, and go to state 17
    "identifier"  shift, and go to state 18
    "number"      shift, and go to state 19

    location    go to state 22
    expression  go to state 85
    constant    go to state 24


State 84

   34 expression: "read" "(" location "," . expression ")"

    "-"           shift, and go to state 9
    "("           shift, and go to state 31
    "write"       shift, and go to state 16
    "read"        shift, and go to state 17
    "identifier"  shift, and go to state 18
    "number"      shift, and go to state 19

    location    go to state 22
    expression  go to state 86
    constant    go to state 24


State 85

   29 expression: expression . "+" expression
   30           | expression . "-" expression
   31           | expression . "*" expression
   32           | expression . "/" expression
   33           | expression . "%" expression
   35           | "write" "(" location "," expression . "," expression ")"

    "+"  shift, and go to state 45
    "-"  shift, and go to state 46
    "*"  shift, and go to state 47
    "/"  shift, and go to state 48
    "%"  shift, and go to state 49
    ","  shift, and go to state 87


State 86

   29 expression: expression . "+" expression
   30           | expression . "-" expression
   31           | expression . "*" expression
   32           | expression . "/" expression
   33           | expression . "%" expression
   34           | "read" "(" location "," expression . ")"

    "+"  shift, and go to state 45
    "-"  shift, and go to state 46
    "*"  shift, and go to state 47
    "/"  shift, and go to state 48
    "%"  shift, and go to state 49
    ")"  shift, and go to state 88


State 87

   35 expression: "write" "(" location "," expression "," . expression ")"

    "-"           shift, and go to state 9
    "("           shift, and go to state 31
    "write"       shift, and go to state 16
    "read"        shift, and go to state 17
    "identifier"  shift, and go to state 18
    "number"      shift, and go to state 19

    location    go to state 22
    expression  go to state 89
    constant    go to state 24


State 88

   34 expression: "read" "(" location "," expression ")" .

    $default  reduce using rule 34 (expression)


State 89

   29 expression: expression . "+" expression
   30           | expression . "-" expression
   31           | expression . "*" expression
   32           | expression . "/" expression
   33           | expression . "%" expression
   35           | "write" "(" location "," expression "," expression . ")"

    "+"  shift, and go to state 45
    "-"  shift, and go to state 46
    "*"  shift, and go to state 47
    "/"  shift, and go to state 48
    "%"  shift, and go to state 49
    ")"  shift, and go to state 90


State 90

   35 expression: "write" "(" location "," expression "," expression ")" .

    $default  reduce using rule 35 (expression)
